2022-07-11 07:41:28 INFO  6962120LP ERIKA CECILIA ALI AVERANGA
2022-07-11 07:41:28 INFO  3037257CB JUAN GABRIEL ORELLANA ANZE
2022-07-11 07:41:28 INFO  9350108CB ERWIN AMILKAR LOPEZ  ANZE
2022-07-11 07:41:28 INFO  2363705LP RENE  MORALES ARANCIBIA
2022-07-11 07:41:28 INFO  6532361CB ALEJANDRO FILY ASISTIRI
2022-07-11 07:41:28 INFO  4021781OR HANS GELMER HUANACO CACERES
2022-07-11 07:41:28 INFO  3830778SC DENAR ROSALES CALLEJAS
2022-07-11 07:41:28 INFO  5376120SC RONALD JESUS ROJAS CARRILLO
2022-07-11 07:41:28 INFO  3469800LP MACARIO LEANDRO MIRANDA CHIRI
2022-07-11 07:41:28 INFO  4984222LP CELESTINO MIRANDA CHIRI
2022-07-11 07:41:28 INFO  9180071LP JUAN CARLOS POMA CHOQUE
2022-07-11 07:41:28 INFO  2271225LP HERNANDO SUCOJAYO CHURA
2022-07-11 07:41:28 INFO  5241247CB NELSON ALEX FERNANDEZ CONTRERAS
2022-07-11 07:41:28 INFO  4337974LP ENRIQUE RODRIGO LIMPIAS CASTRILLO
2022-07-11 07:41:28 INFO  4538107CB FREDDY FERNANDEZ CONTRERAS
2022-07-11 07:41:28 INFO  3557566OR MIGUEL ANGEL SANTOS CHAMBI
2022-07-11 07:41:28 INFO  3544360OR BRUNO FIDEL MORA MORA
2022-07-11 07:41:28 INFO  4874715LP MAURICIO ROLANDO LIMPIAS CASTRILLO
2022-07-11 07:41:28 INFO  5291354CB NELLY FERNANDEZ CONTRERAS
2022-07-11 07:41:28 INFO  5060421OR JOSE LUIS SANTOS CHAMBI
2022-07-11 07:41:28 INFO  3522310OR RONALD TOMAS MORA MORA
2022-07-11 07:41:28 INFO  3358411LP JUAN SUCOJAYO CHURA
2022-07-11 07:41:28 INFO  4264413LP DAVID ALBERTO SADE CORDERO
2022-07-11 07:41:28 INFO  6991036LP FRANCISCO ABELINO CORTEZ
2022-07-11 07:41:28 INFO  5059364TJ DARWIN VASQUEZ DONAIRE
2022-07-11 07:41:28 INFO  9756226SC JUAN PABLO DAVILA FERNANDEZ
2022-07-11 07:41:28 INFO  6003976LP JHANNETH BARRA FERNANDEZ
2022-07-11 07:41:28 INFO  3544300OR LUDWINGNJOSEPHT OTAZO FRONTANILLA
2022-07-11 07:41:28 INFO  6269373SC SOFIA VERONICA ABAN LEON
2022-07-11 07:41:28 INFO  9600033SC VANIA ABAPINTA 
2022-07-11 07:41:28 INFO  7230753SC CATALINA ABAPORE  AYREYO
2022-07-11 07:41:28 INFO  7496624SC MARTINA LLAJSA VARGAS
2022-07-11 07:41:28 INFO  4059859SC NELSON ARIEL LOAYZA ESPINOZA
2022-07-11 07:41:28 INFO  8399045OR CASSANDRA LAPIDA SERNEL
2022-07-11 07:41:28 INFO  9837433OR CARSON CALIENTE TENORIOS
2022-07-11 07:41:28 INFO  2239834OR SYDNEY  CALIENTE TENORIOS
2022-07-11 07:41:28 INFO  7839095LP BART SIMPSON BURNS
2022-07-11 07:41:28 INFO  9987439LP MARGE BURNS SANDE
2022-07-11 07:41:33 INFO  6962120LP ERIKA CECILIA ALI AVERANGA
2022-07-11 07:41:33 INFO  3037257CB JUAN GABRIEL ORELLANA ANZE
2022-07-11 07:41:33 INFO  9350108CB ERWIN AMILKAR LOPEZ  ANZE
2022-07-11 07:41:33 INFO  2363705LP RENE  MORALES ARANCIBIA
2022-07-11 07:41:33 INFO  6532361CB ALEJANDRO FILY ASISTIRI
2022-07-11 07:41:33 INFO  4021781OR HANS GELMER HUANACO CACERES
2022-07-11 07:41:33 INFO  3830778SC DENAR ROSALES CALLEJAS
2022-07-11 07:41:33 INFO  5376120SC RONALD JESUS ROJAS CARRILLO
2022-07-11 07:41:33 INFO  3469800LP MACARIO LEANDRO MIRANDA CHIRI
2022-07-11 07:41:33 INFO  4984222LP CELESTINO MIRANDA CHIRI
2022-07-11 07:41:33 INFO  9180071LP JUAN CARLOS POMA CHOQUE
2022-07-11 07:41:33 INFO  2271225LP HERNANDO SUCOJAYO CHURA
2022-07-11 07:41:33 INFO  5241247CB NELSON ALEX FERNANDEZ CONTRERAS
2022-07-11 07:41:33 INFO  4337974LP ENRIQUE RODRIGO LIMPIAS CASTRILLO
2022-07-11 07:41:33 INFO  4538107CB FREDDY FERNANDEZ CONTRERAS
2022-07-11 07:41:33 INFO  3557566OR MIGUEL ANGEL SANTOS CHAMBI
2022-07-11 07:41:33 INFO  3544360OR BRUNO FIDEL MORA MORA
2022-07-11 07:41:33 INFO  4874715LP MAURICIO ROLANDO LIMPIAS CASTRILLO
2022-07-11 07:41:33 INFO  5291354CB NELLY FERNANDEZ CONTRERAS
2022-07-11 07:41:33 INFO  5060421OR JOSE LUIS SANTOS CHAMBI
2022-07-11 07:41:33 INFO  3522310OR RONALD TOMAS MORA MORA
2022-07-11 07:41:33 INFO  3358411LP JUAN SUCOJAYO CHURA
2022-07-11 07:41:33 INFO  4264413LP DAVID ALBERTO SADE CORDERO
2022-07-11 07:41:33 INFO  6991036LP FRANCISCO ABELINO CORTEZ
2022-07-11 07:41:33 INFO  5059364TJ DARWIN VASQUEZ DONAIRE
2022-07-11 07:41:33 INFO  9756226SC JUAN PABLO DAVILA FERNANDEZ
2022-07-11 07:41:33 INFO  6003976LP JHANNETH BARRA FERNANDEZ
2022-07-11 07:41:33 INFO  3544300OR LUDWINGNJOSEPHT OTAZO FRONTANILLA
2022-07-11 07:41:33 INFO  6269373SC SOFIA VERONICA ABAN LEON
2022-07-11 07:41:33 INFO  9600033SC VANIA ABAPINTA 
2022-07-11 07:41:33 INFO  7230753SC CATALINA ABAPORE  AYREYO
2022-07-11 07:41:33 INFO  7496624SC MARTINA LLAJSA VARGAS
2022-07-11 07:41:33 INFO  4059859SC NELSON ARIEL LOAYZA ESPINOZA
2022-07-11 07:41:33 INFO  8399045OR CASSANDRA LAPIDA SERNEL
2022-07-11 07:41:33 INFO  9837433OR CARSON CALIENTE TENORIOS
2022-07-11 07:41:33 INFO  2239834OR SYDNEY  CALIENTE TENORIOS
2022-07-11 07:41:33 INFO  7839095LP BART SIMPSON BURNS
2022-07-11 07:41:33 INFO  9987439LP MARGE BURNS SANDE
2022-07-11 07:42:31 INFO  6962120LP ERIKA CECILIA ALI AVERANGA
2022-07-11 07:42:31 INFO  3037257CB JUAN GABRIEL ORELLANA ANZE
2022-07-11 07:42:31 INFO  9350108CB ERWIN AMILKAR LOPEZ  ANZE
2022-07-11 07:42:31 INFO  2363705LP RENE  MORALES ARANCIBIA
2022-07-11 07:42:31 INFO  6532361CB ALEJANDRO FILY ASISTIRI
2022-07-11 07:42:31 INFO  4021781OR HANS GELMER HUANACO CACERES
2022-07-11 07:42:31 INFO  3830778SC DENAR ROSALES CALLEJAS
2022-07-11 07:42:31 INFO  5376120SC RONALD JESUS ROJAS CARRILLO
2022-07-11 07:42:31 INFO  3469800LP MACARIO LEANDRO MIRANDA CHIRI
2022-07-11 07:42:31 INFO  4984222LP CELESTINO MIRANDA CHIRI
2022-07-11 07:42:31 INFO  9180071LP JUAN CARLOS POMA CHOQUE
2022-07-11 07:42:31 INFO  2271225LP HERNANDO SUCOJAYO CHURA
2022-07-11 07:42:31 INFO  5241247CB NELSON ALEX FERNANDEZ CONTRERAS
2022-07-11 07:42:31 INFO  4337974LP ENRIQUE RODRIGO LIMPIAS CASTRILLO
2022-07-11 07:42:31 INFO  4538107CB FREDDY FERNANDEZ CONTRERAS
2022-07-11 07:42:31 INFO  3557566OR MIGUEL ANGEL SANTOS CHAMBI
2022-07-11 07:42:31 INFO  3544360OR BRUNO FIDEL MORA MORA
2022-07-11 07:42:31 INFO  4874715LP MAURICIO ROLANDO LIMPIAS CASTRILLO
2022-07-11 07:42:31 INFO  5291354CB NELLY FERNANDEZ CONTRERAS
2022-07-11 07:42:31 INFO  5060421OR JOSE LUIS SANTOS CHAMBI
2022-07-11 07:42:31 INFO  3522310OR RONALD TOMAS MORA MORA
2022-07-11 07:42:31 INFO  3358411LP JUAN SUCOJAYO CHURA
2022-07-11 07:42:31 INFO  4264413LP DAVID ALBERTO SADE CORDERO
2022-07-11 07:42:31 INFO  6991036LP FRANCISCO ABELINO CORTEZ
2022-07-11 07:42:31 INFO  5059364TJ DARWIN VASQUEZ DONAIRE
2022-07-11 07:42:31 INFO  9756226SC JUAN PABLO DAVILA FERNANDEZ
2022-07-11 07:42:31 INFO  6003976LP JHANNETH BARRA FERNANDEZ
2022-07-11 07:42:31 INFO  3544300OR LUDWINGNJOSEPHT OTAZO FRONTANILLA
2022-07-11 07:42:31 INFO  6269373SC SOFIA VERONICA ABAN LEON
2022-07-11 07:42:31 INFO  9600033SC VANIA ABAPINTA 
2022-07-11 07:42:31 INFO  7230753SC CATALINA ABAPORE  AYREYO
2022-07-11 07:42:31 INFO  7496624SC MARTINA LLAJSA VARGAS
2022-07-11 07:42:31 INFO  4059859SC NELSON ARIEL LOAYZA ESPINOZA
2022-07-11 07:42:31 INFO  8399045OR CASSANDRA LAPIDA SERNEL
2022-07-11 07:42:31 INFO  9837433OR CARSON CALIENTE TENORIOS
2022-07-11 07:42:31 INFO  2239834OR SYDNEY  CALIENTE TENORIOS
2022-07-11 07:42:31 INFO  7839095LP BART SIMPSON BURNS
2022-07-11 07:42:31 INFO  9987439LP MARGE BURNS SANDE
2022-07-11 07:42:34 INFO  6962120LP ERIKA CECILIA ALI AVERANGA
2022-07-11 07:42:34 INFO  3037257CB JUAN GABRIEL ORELLANA ANZE
2022-07-11 07:42:34 INFO  9350108CB ERWIN AMILKAR LOPEZ  ANZE
2022-07-11 07:42:34 INFO  2363705LP RENE  MORALES ARANCIBIA
2022-07-11 07:42:34 INFO  6532361CB ALEJANDRO FILY ASISTIRI
2022-07-11 07:42:34 INFO  4021781OR HANS GELMER HUANACO CACERES
2022-07-11 07:42:34 INFO  3830778SC DENAR ROSALES CALLEJAS
2022-07-11 07:42:34 INFO  5376120SC RONALD JESUS ROJAS CARRILLO
2022-07-11 07:42:34 INFO  3469800LP MACARIO LEANDRO MIRANDA CHIRI
2022-07-11 07:42:34 INFO  4984222LP CELESTINO MIRANDA CHIRI
2022-07-11 07:42:34 INFO  9180071LP JUAN CARLOS POMA CHOQUE
2022-07-11 07:42:34 INFO  2271225LP HERNANDO SUCOJAYO CHURA
2022-07-11 07:42:34 INFO  5241247CB NELSON ALEX FERNANDEZ CONTRERAS
2022-07-11 07:42:34 INFO  4337974LP ENRIQUE RODRIGO LIMPIAS CASTRILLO
2022-07-11 07:42:34 INFO  4538107CB FREDDY FERNANDEZ CONTRERAS
2022-07-11 07:42:34 INFO  3557566OR MIGUEL ANGEL SANTOS CHAMBI
2022-07-11 07:42:34 INFO  3544360OR BRUNO FIDEL MORA MORA
2022-07-11 07:42:34 INFO  4874715LP MAURICIO ROLANDO LIMPIAS CASTRILLO
2022-07-11 07:42:34 INFO  5291354CB NELLY FERNANDEZ CONTRERAS
2022-07-11 07:42:34 INFO  5060421OR JOSE LUIS SANTOS CHAMBI
2022-07-11 07:42:34 INFO  3522310OR RONALD TOMAS MORA MORA
2022-07-11 07:42:34 INFO  3358411LP JUAN SUCOJAYO CHURA
2022-07-11 07:42:34 INFO  4264413LP DAVID ALBERTO SADE CORDERO
2022-07-11 07:42:34 INFO  6991036LP FRANCISCO ABELINO CORTEZ
2022-07-11 07:42:34 INFO  5059364TJ DARWIN VASQUEZ DONAIRE
2022-07-11 07:42:34 INFO  9756226SC JUAN PABLO DAVILA FERNANDEZ
2022-07-11 07:42:34 INFO  6003976LP JHANNETH BARRA FERNANDEZ
2022-07-11 07:42:34 INFO  3544300OR LUDWINGNJOSEPHT OTAZO FRONTANILLA
2022-07-11 07:42:34 INFO  6269373SC SOFIA VERONICA ABAN LEON
2022-07-11 07:42:34 INFO  9600033SC VANIA ABAPINTA 
2022-07-11 07:42:34 INFO  7230753SC CATALINA ABAPORE  AYREYO
2022-07-11 07:42:34 INFO  7496624SC MARTINA LLAJSA VARGAS
2022-07-11 07:42:34 INFO  4059859SC NELSON ARIEL LOAYZA ESPINOZA
2022-07-11 07:42:34 INFO  8399045OR CASSANDRA LAPIDA SERNEL
2022-07-11 07:42:34 INFO  9837433OR CARSON CALIENTE TENORIOS
2022-07-11 07:42:34 INFO  2239834OR SYDNEY  CALIENTE TENORIOS
2022-07-11 07:42:34 INFO  7839095LP BART SIMPSON BURNS
2022-07-11 07:42:34 INFO  9987439LP MARGE BURNS SANDE
2022-07-11 07:43:11 INFO  6962120LP ERIKA CECILIA ALI AVERANGA
2022-07-11 07:43:11 INFO  3037257CB JUAN GABRIEL ORELLANA ANZE
2022-07-11 07:43:11 INFO  9350108CB ERWIN AMILKAR LOPEZ  ANZE
2022-07-11 07:43:11 INFO  2363705LP RENE  MORALES ARANCIBIA
2022-07-11 07:43:11 INFO  6532361CB ALEJANDRO FILY ASISTIRI
2022-07-11 07:43:11 INFO  4021781OR HANS GELMER HUANACO CACERES
2022-07-11 07:43:11 INFO  3830778SC DENAR ROSALES CALLEJAS
2022-07-11 07:43:11 INFO  5376120SC RONALD JESUS ROJAS CARRILLO
2022-07-11 07:43:11 INFO  3469800LP MACARIO LEANDRO MIRANDA CHIRI
2022-07-11 07:43:11 INFO  4984222LP CELESTINO MIRANDA CHIRI
2022-07-11 07:43:11 INFO  9180071LP JUAN CARLOS POMA CHOQUE
2022-07-11 07:43:11 INFO  2271225LP HERNANDO SUCOJAYO CHURA
2022-07-11 07:43:11 INFO  5241247CB NELSON ALEX FERNANDEZ CONTRERAS
2022-07-11 07:43:11 INFO  4337974LP ENRIQUE RODRIGO LIMPIAS CASTRILLO
2022-07-11 07:43:11 INFO  4538107CB FREDDY FERNANDEZ CONTRERAS
2022-07-11 07:43:11 INFO  3557566OR MIGUEL ANGEL SANTOS CHAMBI
2022-07-11 07:43:11 INFO  3544360OR BRUNO FIDEL MORA MORA
2022-07-11 07:43:11 INFO  4874715LP MAURICIO ROLANDO LIMPIAS CASTRILLO
2022-07-11 07:43:11 INFO  5291354CB NELLY FERNANDEZ CONTRERAS
2022-07-11 07:43:11 INFO  5060421OR JOSE LUIS SANTOS CHAMBI
2022-07-11 07:43:11 INFO  3522310OR RONALD TOMAS MORA MORA
2022-07-11 07:43:11 INFO  3358411LP JUAN SUCOJAYO CHURA
2022-07-11 07:43:11 INFO  4264413LP DAVID ALBERTO SADE CORDERO
2022-07-11 07:43:11 INFO  6991036LP FRANCISCO ABELINO CORTEZ
2022-07-11 07:43:11 INFO  5059364TJ DARWIN VASQUEZ DONAIRE
2022-07-11 07:43:11 INFO  9756226SC JUAN PABLO DAVILA FERNANDEZ
2022-07-11 07:43:11 INFO  6003976LP JHANNETH BARRA FERNANDEZ
2022-07-11 07:43:11 INFO  3544300OR LUDWINGNJOSEPHT OTAZO FRONTANILLA
2022-07-11 07:43:11 INFO  6269373SC SOFIA VERONICA ABAN LEON
2022-07-11 07:43:11 INFO  9600033SC VANIA ABAPINTA 
2022-07-11 07:43:11 INFO  7230753SC CATALINA ABAPORE  AYREYO
2022-07-11 07:43:11 INFO  7496624SC MARTINA LLAJSA VARGAS
2022-07-11 07:43:11 INFO  4059859SC NELSON ARIEL LOAYZA ESPINOZA
2022-07-11 07:43:11 INFO  8399045OR CASSANDRA LAPIDA SERNEL
2022-07-11 07:43:11 INFO  9837433OR CARSON CALIENTE TENORIOS
2022-07-11 07:43:11 INFO  2239834OR SYDNEY  CALIENTE TENORIOS
2022-07-11 07:43:11 INFO  7839095LP BART SIMPSON BURNS
2022-07-11 07:43:11 INFO  9987439LP MARGE BURNS SANDE
2022-07-11 07:43:11 INFO  9983467LP SOFIA VELGARA ANDERS
2022-07-11 07:48:29 INFO  6962120LP ERIKA CECILIA ALI AVERANGA
2022-07-11 07:48:29 INFO  3037257CB JUAN GABRIEL ORELLANA ANZE
2022-07-11 07:48:29 INFO  9350108CB ERWIN AMILKAR LOPEZ  ANZE
2022-07-11 07:48:29 INFO  2363705LP RENE  MORALES ARANCIBIA
2022-07-11 07:48:29 INFO  6532361CB ALEJANDRO FILY ASISTIRI
2022-07-11 07:48:29 INFO  4021781OR HANS GELMER HUANACO CACERES
2022-07-11 07:48:29 INFO  3830778SC DENAR ROSALES CALLEJAS
2022-07-11 07:48:29 INFO  5376120SC RONALD JESUS ROJAS CARRILLO
2022-07-11 07:48:29 INFO  3469800LP MACARIO LEANDRO MIRANDA CHIRI
2022-07-11 07:48:29 INFO  4984222LP CELESTINO MIRANDA CHIRI
2022-07-11 07:48:29 INFO  9180071LP JUAN CARLOS POMA CHOQUE
2022-07-11 07:48:29 INFO  2271225LP HERNANDO SUCOJAYO CHURA
2022-07-11 07:48:29 INFO  5241247CB NELSON ALEX FERNANDEZ CONTRERAS
2022-07-11 07:48:29 INFO  4337974LP ENRIQUE RODRIGO LIMPIAS CASTRILLO
2022-07-11 07:48:29 INFO  4538107CB FREDDY FERNANDEZ CONTRERAS
2022-07-11 07:48:29 INFO  3557566OR MIGUEL ANGEL SANTOS CHAMBI
2022-07-11 07:48:29 INFO  3544360OR BRUNO FIDEL MORA MORA
2022-07-11 07:48:29 INFO  4874715LP MAURICIO ROLANDO LIMPIAS CASTRILLO
2022-07-11 07:48:29 INFO  5291354CB NELLY FERNANDEZ CONTRERAS
2022-07-11 07:48:29 INFO  5060421OR JOSE LUIS SANTOS CHAMBI
2022-07-11 07:48:29 INFO  3522310OR RONALD TOMAS MORA MORA
2022-07-11 07:48:29 INFO  3358411LP JUAN SUCOJAYO CHURA
2022-07-11 07:48:29 INFO  4264413LP DAVID ALBERTO SADE CORDERO
2022-07-11 07:48:29 INFO  6991036LP FRANCISCO ABELINO CORTEZ
2022-07-11 07:48:29 INFO  5059364TJ DARWIN VASQUEZ DONAIRE
2022-07-11 07:48:29 INFO  9756226SC JUAN PABLO DAVILA FERNANDEZ
2022-07-11 07:48:29 INFO  6003976LP JHANNETH BARRA FERNANDEZ
2022-07-11 07:48:29 INFO  3544300OR LUDWINGNJOSEPHT OTAZO FRONTANILLA
2022-07-11 07:48:29 INFO  6269373SC SOFIA VERONICA ABAN LEON
2022-07-11 07:48:29 INFO  9600033SC VANIA ABAPINTA 
2022-07-11 07:48:29 INFO  7230753SC CATALINA ABAPORE  AYREYO
2022-07-11 07:48:29 INFO  7496624SC MARTINA LLAJSA VARGAS
2022-07-11 07:48:29 INFO  4059859SC NELSON ARIEL LOAYZA ESPINOZA
2022-07-11 07:48:29 INFO  8399045OR CASSANDRA LAPIDA SERNEL
2022-07-11 07:48:29 INFO  9837433OR CARSON CALIENTE TENORIOS
2022-07-11 07:48:29 INFO  2239834OR SYDNEY  CALIENTE TENORIOS
2022-07-11 07:48:29 INFO  7839095LP BART SIMPSON BURNS
2022-07-11 07:48:29 INFO  9987439LP MARGE BURNS SANDE
2022-07-11 07:48:29 INFO  9983467LP SOFIA VELGARA ANDERS
2022-07-11 07:50:18 INFO  6962120LP ERIKA CECILIA ALI AVERANGA
2022-07-11 07:50:18 INFO  3037257CB JUAN GABRIEL ORELLANA ANZE
2022-07-11 07:50:18 INFO  9350108CB ERWIN AMILKAR LOPEZ  ANZE
2022-07-11 07:50:18 INFO  2363705LP RENE  MORALES ARANCIBIA
2022-07-11 07:50:18 INFO  6532361CB ALEJANDRO FILY ASISTIRI
2022-07-11 07:50:18 INFO  4021781OR HANS GELMER HUANACO CACERES
2022-07-11 07:50:18 INFO  3830778SC DENAR ROSALES CALLEJAS
2022-07-11 07:50:18 INFO  5376120SC RONALD JESUS ROJAS CARRILLO
2022-07-11 07:50:18 INFO  3469800LP MACARIO LEANDRO MIRANDA CHIRI
2022-07-11 07:50:18 INFO  4984222LP CELESTINO MIRANDA CHIRI
2022-07-11 07:50:18 INFO  9180071LP JUAN CARLOS POMA CHOQUE
2022-07-11 07:50:18 INFO  2271225LP HERNANDO SUCOJAYO CHURA
2022-07-11 07:50:18 INFO  5241247CB NELSON ALEX FERNANDEZ CONTRERAS
2022-07-11 07:50:18 INFO  4337974LP ENRIQUE RODRIGO LIMPIAS CASTRILLO
2022-07-11 07:50:18 INFO  4538107CB FREDDY FERNANDEZ CONTRERAS
2022-07-11 07:50:18 INFO  3557566OR MIGUEL ANGEL SANTOS CHAMBI
2022-07-11 07:50:18 INFO  3544360OR BRUNO FIDEL MORA MORA
2022-07-11 07:50:18 INFO  4874715LP MAURICIO ROLANDO LIMPIAS CASTRILLO
2022-07-11 07:50:18 INFO  5291354CB NELLY FERNANDEZ CONTRERAS
2022-07-11 07:50:18 INFO  5060421OR JOSE LUIS SANTOS CHAMBI
2022-07-11 07:50:18 INFO  3522310OR RONALD TOMAS MORA MORA
2022-07-11 07:50:18 INFO  3358411LP JUAN SUCOJAYO CHURA
2022-07-11 07:50:18 INFO  4264413LP DAVID ALBERTO SADE CORDERO
2022-07-11 07:50:18 INFO  6991036LP FRANCISCO ABELINO CORTEZ
2022-07-11 07:50:18 INFO  5059364TJ DARWIN VASQUEZ DONAIRE
2022-07-11 07:50:18 INFO  9756226SC JUAN PABLO DAVILA FERNANDEZ
2022-07-11 07:50:18 INFO  6003976LP JHANNETH BARRA FERNANDEZ
2022-07-11 07:50:18 INFO  3544300OR LUDWINGNJOSEPHT OTAZO FRONTANILLA
2022-07-11 07:50:18 INFO  6269373SC SOFIA VERONICA ABAN LEON
2022-07-11 07:50:18 INFO  9600033SC VANIA ABAPINTA 
2022-07-11 07:50:18 INFO  7230753SC CATALINA ABAPORE  AYREYO
2022-07-11 07:50:18 INFO  7496624SC MARTINA LLAJSA VARGAS
2022-07-11 07:50:18 INFO  4059859SC NELSON ARIEL LOAYZA ESPINOZA
2022-07-11 07:50:18 INFO  8399045OR CASSANDRA LAPIDA SERNEL
2022-07-11 07:50:18 INFO  9837433OR CARSON CALIENTE TENORIOS
2022-07-11 07:50:18 INFO  2239834OR SYDNEY  CALIENTE TENORIOS
2022-07-11 07:50:18 INFO  7839095LP BART SIMPSON BURNS
2022-07-11 07:50:18 INFO  9987439LP MARGE BURNS SANDE
2022-07-11 07:50:18 INFO  9983467LP SOFIA VELGARA ANDERS
2022-07-11 07:51:17 INFO  6962120LP ERIKA CECILIA ALI AVERANGA
2022-07-11 07:51:17 INFO  3037257CB JUAN GABRIEL ORELLANA ANZE
2022-07-11 07:51:17 INFO  9350108CB ERWIN AMILKAR LOPEZ  ANZE
2022-07-11 07:51:17 INFO  2363705LP RENE  MORALES ARANCIBIA
2022-07-11 07:51:17 INFO  6532361CB ALEJANDRO FILY ASISTIRI
2022-07-11 07:51:17 INFO  4021781OR HANS GELMER HUANACO CACERES
2022-07-11 07:51:17 INFO  3830778SC DENAR ROSALES CALLEJAS
2022-07-11 07:51:17 INFO  5376120SC RONALD JESUS ROJAS CARRILLO
2022-07-11 07:51:17 INFO  3469800LP MACARIO LEANDRO MIRANDA CHIRI
2022-07-11 07:51:17 INFO  4984222LP CELESTINO MIRANDA CHIRI
2022-07-11 07:51:17 INFO  9180071LP JUAN CARLOS POMA CHOQUE
2022-07-11 07:51:17 INFO  2271225LP HERNANDO SUCOJAYO CHURA
2022-07-11 07:51:17 INFO  5241247CB NELSON ALEX FERNANDEZ CONTRERAS
2022-07-11 07:51:17 INFO  4337974LP ENRIQUE RODRIGO LIMPIAS CASTRILLO
2022-07-11 07:51:17 INFO  4538107CB FREDDY FERNANDEZ CONTRERAS
2022-07-11 07:51:17 INFO  3557566OR MIGUEL ANGEL SANTOS CHAMBI
2022-07-11 07:51:17 INFO  3544360OR BRUNO FIDEL MORA MORA
2022-07-11 07:51:17 INFO  4874715LP MAURICIO ROLANDO LIMPIAS CASTRILLO
2022-07-11 07:51:17 INFO  5291354CB NELLY FERNANDEZ CONTRERAS
2022-07-11 07:51:17 INFO  5060421OR JOSE LUIS SANTOS CHAMBI
2022-07-11 07:51:17 INFO  3522310OR RONALD TOMAS MORA MORA
2022-07-11 07:51:17 INFO  3358411LP JUAN SUCOJAYO CHURA
2022-07-11 07:51:17 INFO  4264413LP DAVID ALBERTO SADE CORDERO
2022-07-11 07:51:17 INFO  6991036LP FRANCISCO ABELINO CORTEZ
2022-07-11 07:51:17 INFO  5059364TJ DARWIN VASQUEZ DONAIRE
2022-07-11 07:51:17 INFO  9756226SC JUAN PABLO DAVILA FERNANDEZ
2022-07-11 07:51:17 INFO  6003976LP JHANNETH BARRA FERNANDEZ
2022-07-11 07:51:17 INFO  3544300OR LUDWINGNJOSEPHT OTAZO FRONTANILLA
2022-07-11 07:51:17 INFO  6269373SC SOFIA VERONICA ABAN LEON
2022-07-11 07:51:17 INFO  9600033SC VANIA ABAPINTA 
2022-07-11 07:51:17 INFO  7230753SC CATALINA ABAPORE  AYREYO
2022-07-11 07:51:17 INFO  7496624SC MARTINA LLAJSA VARGAS
2022-07-11 07:51:17 INFO  4059859SC NELSON ARIEL LOAYZA ESPINOZA
2022-07-11 07:51:17 INFO  8399045OR CASSANDRA LAPIDA SERNEL
2022-07-11 07:51:17 INFO  9837433OR CARSON CALIENTE TENORIOS
2022-07-11 07:51:17 INFO  2239834OR SYDNEY  CALIENTE TENORIOS
2022-07-11 07:51:17 INFO  7839095LP BART SIMPSON BURNS
2022-07-11 07:51:17 INFO  9987439LP MARGE BURNS SANDE
2022-07-11 07:51:17 INFO  9983467LP SOFIA VELGARA ANDERS
2022-07-11 07:51:17 INFO  09963467LP ANDRES VELGARA ANDERS
2022-07-11 08:45:57 INFO  6962120LP ERIKA CECILIA ALI AVERANGA
2022-07-11 08:45:57 INFO  3037257CB JUAN GABRIEL ORELLANA ANZE
2022-07-11 08:45:57 INFO  9350108CB ERWIN AMILKAR LOPEZ  ANZE
2022-07-11 08:45:57 INFO  2363705LP RENE  MORALES ARANCIBIA
2022-07-11 08:45:57 INFO  6532361CB ALEJANDRO FILY ASISTIRI
2022-07-11 08:45:57 INFO  4021781OR HANS GELMER HUANACO CACERES
2022-07-11 08:45:57 INFO  3830778SC DENAR ROSALES CALLEJAS
2022-07-11 08:45:57 INFO  5376120SC RONALD JESUS ROJAS CARRILLO
2022-07-11 08:45:57 INFO  3469800LP MACARIO LEANDRO MIRANDA CHIRI
2022-07-11 08:45:57 INFO  4984222LP CELESTINO MIRANDA CHIRI
2022-07-11 08:45:57 INFO  9180071LP JUAN CARLOS POMA CHOQUE
2022-07-11 08:45:57 INFO  2271225LP HERNANDO SUCOJAYO CHURA
2022-07-11 08:45:57 INFO  5241247CB NELSON ALEX FERNANDEZ CONTRERAS
2022-07-11 08:45:57 INFO  4337974LP ENRIQUE RODRIGO LIMPIAS CASTRILLO
2022-07-11 08:45:57 INFO  4538107CB FREDDY FERNANDEZ CONTRERAS
2022-07-11 08:45:57 INFO  3557566OR MIGUEL ANGEL SANTOS CHAMBI
2022-07-11 08:45:57 INFO  3544360OR BRUNO FIDEL MORA MORA
2022-07-11 08:45:57 INFO  4874715LP MAURICIO ROLANDO LIMPIAS CASTRILLO
2022-07-11 08:45:57 INFO  5291354CB NELLY FERNANDEZ CONTRERAS
2022-07-11 08:45:57 INFO  5060421OR JOSE LUIS SANTOS CHAMBI
2022-07-11 08:45:57 INFO  3522310OR RONALD TOMAS MORA MORA
2022-07-11 08:45:57 INFO  3358411LP JUAN SUCOJAYO CHURA
2022-07-11 08:45:57 INFO  4264413LP DAVID ALBERTO SADE CORDERO
2022-07-11 08:45:57 INFO  6991036LP FRANCISCO ABELINO CORTEZ
2022-07-11 08:45:57 INFO  5059364TJ DARWIN VASQUEZ DONAIRE
2022-07-11 08:45:57 INFO  9756226SC JUAN PABLO DAVILA FERNANDEZ
2022-07-11 08:45:57 INFO  6003976LP JHANNETH BARRA FERNANDEZ
2022-07-11 08:45:57 INFO  3544300OR LUDWINGNJOSEPHT OTAZO FRONTANILLA
2022-07-11 08:45:57 INFO  6269373SC SOFIA VERONICA ABAN LEON
2022-07-11 08:45:57 INFO  9600033SC VANIA ABAPINTA 
2022-07-11 08:45:57 INFO  7230753SC CATALINA ABAPORE  AYREYO
2022-07-11 08:45:57 INFO  7496624SC MARTINA LLAJSA VARGAS
2022-07-11 08:45:57 INFO  4059859SC NELSON ARIEL LOAYZA ESPINOZA
2022-07-11 08:45:57 INFO  8399045OR CASSANDRA LAPIDA SERNEL
2022-07-11 08:45:57 INFO  9837433OR CARSON CALIENTE TENORIOS
2022-07-11 08:45:57 INFO  2239834OR SYDNEY  CALIENTE TENORIOS
2022-07-11 08:45:57 INFO  7839095LP BART SIMPSON BURNS
2022-07-11 08:45:57 INFO  9987439LP MARGE BURNS SANDE
2022-07-11 08:45:57 INFO  9983467LP SOFIA VELGARA ANDERS
2022-07-11 08:45:57 INFO  09963467LP ANDRES VELGARA ANDERS
